{"numTotalTestSuites":108,"numPassedTestSuites":108,"numFailedTestSuites":0,"numPendingTestSuites":0,"numTotalTests":198,"numPassedTests":198,"numFailedTests":0,"numPendingTests":0,"numTodoTests":0,"snapshot":{"added":0,"failure":false,"filesAdded":0,"filesRemoved":0,"filesRemovedList":[],"filesUnmatched":0,"filesUpdated":0,"matched":0,"total":0,"unchecked":0,"uncheckedKeysByFile":[],"unmatched":0,"updated":0,"didUpdate":false},"startTime":1782028448069,"success":true,"testResults":[{"assertionResults":[{"ancestorTitles":["Admin Integration Tests","GET /api/admin/analytics"],"fullName":"Admin Integration Tests GET /api/admin/analytics returns dashboard analytics for admin","status":"passed","title":"returns dashboard analytics for admin","duration":35.82459999999992,"failureMessages":[],"meta":{}},{"ancestorTitles":["Admin Integration Tests","GET /api/admin/analytics"],"fullName":"Admin Integration Tests GET /api/admin/analytics returns 403 for non-admin","status":"passed","title":"returns 403 for non-admin","duration":15.11030000000028,"failureMessages":[],"meta":{}},{"ancestorTitles":["Admin Integration Tests","GET /api/admin/analytics"],"fullName":"Admin Integration Tests GET /api/admin/analytics returns 401 without auth","status":"passed","title":"returns 401 without auth","duration":32.96759999999995,"failureMessages":[],"meta":{}},{"ancestorTitles":["Admin Integration Tests","GET /api/admin/users"],"fullName":"Admin Integration Tests GET /api/admin/users returns users for admin","status":"passed","title":"returns users for admin","duration":34.78140000000076,"failureMessages":[],"meta":{}},{"ancestorTitles":["Admin Integration Tests","GET /api/admin/users"],"fullName":"Admin Integration Tests GET /api/admin/users filters users by role","status":"passed","title":"filters users by role","duration":15.573699999999917,"failureMessages":[],"meta":{}},{"ancestorTitles":["Admin Integration Tests","GET /api/admin/users"],"fullName":"Admin Integration Tests GET /api/admin/users returns 403 for non-admin","status":"passed","title":"returns 403 for non-admin","duration":20.76760000000013,"failureMessages":[],"meta":{}},{"ancestorTitles":["Admin Integration Tests","GET /api/admin/revenue"],"fullName":"Admin Integration Tests GET /api/admin/revenue returns revenue analytics for admin","status":"passed","title":"returns revenue analytics for admin","duration":18.23610000000008,"failureMessages":[],"meta":{}},{"ancestorTitles":["Admin Integration Tests","GET /api/admin/revenue"],"fullName":"Admin Integration Tests GET /api/admin/revenue returns 403 for non-admin","status":"passed","title":"returns 403 for non-admin","duration":20.735599999999977,"failureMessages":[],"meta":{}},{"ancestorTitles":["Admin Integration Tests","GET /api/admin/enrollments"],"fullName":"Admin Integration Tests GET /api/admin/enrollments returns enrollment analytics for admin","status":"passed","title":"returns enrollment analytics for admin","duration":13.247400000000198,"failureMessages":[],"meta":{}},{"ancestorTitles":["Admin Integration Tests","GET /api/admin/enrollments"],"fullName":"Admin Integration Tests GET /api/admin/enrollments returns 403 for non-admin","status":"passed","title":"returns 403 for non-admin","duration":14.047199999999975,"failureMessages":[],"meta":{}},{"ancestorTitles":["Admin Integration Tests","GET /api/admin/placements"],"fullName":"Admin Integration Tests GET /api/admin/placements returns placement analytics for admin","status":"passed","title":"returns placement analytics for admin","duration":30.218799999999646,"failureMessages":[],"meta":{}},{"ancestorTitles":["Admin Integration Tests","GET /api/admin/placements"],"fullName":"Admin Integration Tests GET /api/admin/placements returns 403 for non-admin","status":"passed","title":"returns 403 for non-admin","duration":25.66990000000078,"failureMessages":[],"meta":{}},{"ancestorTitles":["Admin Integration Tests","GET /api/admin/programs"],"fullName":"Admin Integration Tests GET /api/admin/programs returns programs with enrollment counts for admin","status":"passed","title":"returns programs with enrollment counts for admin","duration":33.90139999999974,"failureMessages":[],"meta":{}},{"ancestorTitles":["Admin Integration Tests","GET /api/admin/programs"],"fullName":"Admin Integration Tests GET /api/admin/programs returns 403 for non-admin","status":"passed","title":"returns 403 for non-admin","duration":78.11999999999989,"failureMessages":[],"meta":{}}],"startTime":1782028454253,"endTime":1782028454646.12,"status":"passed","message":"","name":"C:/Users/VISHAL/Desktop/20-12-2025/freelance/Prooject3/backend/tests/integration/admin.test.ts"},{"assertionResults":[{"ancestorTitles":["AI Integration Tests","POST /api/ai/chat"],"fullName":"AI Integration Tests POST /api/ai/chat responds to resume-related query","status":"passed","title":"responds to resume-related query","duration":31.2524999999996,"failureMessages":[],"meta":{}},{"ancestorTitles":["AI Integration Tests","POST /api/ai/chat"],"fullName":"AI Integration Tests POST /api/ai/chat responds to roadmap query","status":"passed","title":"responds to roadmap query","duration":26.776699999999437,"failureMessages":[],"meta":{}},{"ancestorTitles":["AI Integration Tests","POST /api/ai/chat"],"fullName":"AI Integration Tests POST /api/ai/chat responds to interview query","status":"passed","title":"responds to interview query","duration":25.887400000000525,"failureMessages":[],"meta":{}},{"ancestorTitles":["AI Integration Tests","POST /api/ai/chat"],"fullName":"AI Integration Tests POST /api/ai/chat responds to salary query","status":"passed","title":"responds to salary query","duration":24.01260000000002,"failureMessages":[],"meta":{}},{"ancestorTitles":["AI Integration Tests","POST /api/ai/chat"],"fullName":"AI Integration Tests POST /api/ai/chat returns default response for generic query","status":"passed","title":"returns default response for generic query","duration":26.852600000000166,"failureMessages":[],"meta":{}},{"ancestorTitles":["AI Integration Tests","POST /api/ai/chat"],"fullName":"AI Integration Tests POST /api/ai/chat returns 401 without auth","status":"passed","title":"returns 401 without auth","duration":25.33680000000004,"failureMessages":[],"meta":{}},{"ancestorTitles":["AI Integration Tests","POST /api/ai/generate-roadmap"],"fullName":"AI Integration Tests POST /api/ai/generate-roadmap generates beginner roadmap","status":"passed","title":"generates beginner roadmap","duration":18.407199999999648,"failureMessages":[],"meta":{}},{"ancestorTitles":["AI Integration Tests","POST /api/ai/generate-roadmap"],"fullName":"AI Integration Tests POST /api/ai/generate-roadmap generates intermediate roadmap","status":"passed","title":"generates intermediate roadmap","duration":12.31840000000011,"failureMessages":[],"meta":{}},{"ancestorTitles":["AI Integration Tests","POST /api/ai/generate-roadmap"],"fullName":"AI Integration Tests POST /api/ai/generate-roadmap generates advanced roadmap","status":"passed","title":"generates advanced roadmap","duration":12.41650000000027,"failureMessages":[],"meta":{}},{"ancestorTitles":["AI Integration Tests","POST /api/ai/generate-roadmap"],"fullName":"AI Integration Tests POST /api/ai/generate-roadmap returns 401 without auth","status":"passed","title":"returns 401 without auth","duration":31.811499999999796,"failureMessages":[],"meta":{}},{"ancestorTitles":["AI Integration Tests","POST /api/ai/course-recommendation"],"fullName":"AI Integration Tests POST /api/ai/course-recommendation returns recommendations based on skills","status":"passed","title":"returns recommendations based on skills","duration":35.06540000000041,"failureMessages":[],"meta":{}},{"ancestorTitles":["AI Integration Tests","POST /api/ai/course-recommendation"],"fullName":"AI Integration Tests POST /api/ai/course-recommendation returns empty recommendations when no match","status":"passed","title":"returns empty recommendations when no match","duration":50.73520000000008,"failureMessages":[],"meta":{}},{"ancestorTitles":["AI Integration Tests","POST /api/ai/skill-gap-analysis"],"fullName":"AI Integration Tests POST /api/ai/skill-gap-analysis analyzes skill gaps for AI Engineer","status":"passed","title":"analyzes skill gaps for AI Engineer","duration":35.13299999999981,"failureMessages":[],"meta":{}},{"ancestorTitles":["AI Integration Tests","POST /api/ai/skill-gap-analysis"],"fullName":"AI Integration Tests POST /api/ai/skill-gap-analysis returns high match score for skilled user","status":"passed","title":"returns high match score for skilled user","duration":25.829200000000128,"failureMessages":[],"meta":{}},{"ancestorTitles":["AI Integration Tests","POST /api/ai/skill-gap-analysis"],"fullName":"AI Integration Tests POST /api/ai/skill-gap-analysis handles unknown role","status":"passed","title":"handles unknown role","duration":34.02819999999974,"failureMessages":[],"meta":{}},{"ancestorTitles":["AI Integration Tests","POST /api/ai/skill-gap-analysis"],"fullName":"AI Integration Tests POST /api/ai/skill-gap-analysis returns 401 without auth","status":"passed","title":"returns 401 without auth","duration":14.019000000000233,"failureMessages":[],"meta":{}},{"ancestorTitles":["AI Integration Tests","POST /api/ai/career-guidance"],"fullName":"AI Integration Tests POST /api/ai/career-guidance provides guidance for career switch","status":"passed","title":"provides guidance for career switch","duration":30.195799999999508,"failureMessages":[],"meta":{}},{"ancestorTitles":["AI Integration Tests","POST /api/ai/career-guidance"],"fullName":"AI Integration Tests POST /api/ai/career-guidance provides guidance for promotion","status":"passed","title":"provides guidance for promotion","duration":13.924700000000485,"failureMessages":[],"meta":{}},{"ancestorTitles":["AI Integration Tests","POST /api/ai/career-guidance"],"fullName":"AI Integration Tests POST /api/ai/career-guidance provides guidance for role selection","status":"passed","title":"provides guidance for role selection","duration":27.623599999999897,"failureMessages":[],"meta":{}},{"ancestorTitles":["AI Integration Tests","POST /api/ai/career-guidance"],"fullName":"AI Integration Tests POST /api/ai/career-guidance returns default guidance","status":"passed","title":"returns default guidance","duration":11.541900000000169,"failureMessages":[],"meta":{}},{"ancestorTitles":["AI Integration Tests","POST /api/ai/career-guidance"],"fullName":"AI Integration Tests POST /api/ai/career-guidance returns 401 without auth","status":"passed","title":"returns 401 without auth","duration":20.676800000000185,"failureMessages":[],"meta":{}}],"startTime":1782028453497,"endTime":1782028454037.6768,"status":"passed","message":"","name":"C:/Users/VISHAL/Desktop/20-12-2025/freelance/Prooject3/backend/tests/integration/ai.test.ts"},{"assertionResults":[{"ancestorTitles":["Assignments Integration Tests","GET /api/assignments"],"fullName":"Assignments Integration Tests GET /api/assignments returns user assignments","status":"passed","title":"returns user assignments","duration":45.16660000000047,"failureMessages":[],"meta":{}},{"ancestorTitles":["Assignments Integration Tests","GET /api/assignments"],"fullName":"Assignments Integration Tests GET /api/assignments returns all assignments for admin","status":"passed","title":"returns all assignments for admin","duration":44.757300000000214,"failureMessages":[],"meta":{}},{"ancestorTitles":["Assignments Integration Tests","GET /api/assignments"],"fullName":"Assignments Integration Tests GET /api/assignments returns 401 without auth","status":"passed","title":"returns 401 without auth","duration":12.710399999999936,"failureMessages":[],"meta":{}},{"ancestorTitles":["Assignments Integration Tests","GET /api/assignments/:id"],"fullName":"Assignments Integration Tests GET /api/assignments/:id returns assignment by ID","status":"passed","title":"returns assignment by ID","duration":22.788800000000265,"failureMessages":[],"meta":{}},{"ancestorTitles":["Assignments Integration Tests","GET /api/assignments/:id"],"fullName":"Assignments Integration Tests GET /api/assignments/:id returns 404 when not found","status":"passed","title":"returns 404 when not found","duration":30.711600000000544,"failureMessages":[],"meta":{}},{"ancestorTitles":["Assignments Integration Tests","POST /api/assignments"],"fullName":"Assignments Integration Tests POST /api/assignments creates assignment as admin","status":"passed","title":"creates assignment as admin","duration":21.57719999999972,"failureMessages":[],"meta":{}},{"ancestorTitles":["Assignments Integration Tests","POST /api/assignments"],"fullName":"Assignments Integration Tests POST /api/assignments creates assignment as mentor","status":"passed","title":"creates assignment as mentor","duration":49.900800000000345,"failureMessages":[],"meta":{}},{"ancestorTitles":["Assignments Integration Tests","POST /api/assignments"],"fullName":"Assignments Integration Tests POST /api/assignments returns 403 for student","status":"passed","title":"returns 403 for student","duration":40.061000000000604,"failureMessages":[],"meta":{}},{"ancestorTitles":["Assignments Integration Tests","PATCH /api/assignments/:id"],"fullName":"Assignments Integration Tests PATCH /api/assignments/:id updates assignment when authenticated","status":"passed","title":"updates assignment when authenticated","duration":40.71699999999964,"failureMessages":[],"meta":{}},{"ancestorTitles":["Assignments Integration Tests","PATCH /api/assignments/:id"],"fullName":"Assignments Integration Tests PATCH /api/assignments/:id returns 401 without auth","status":"passed","title":"returns 401 without auth","duration":33.76380000000063,"failureMessages":[],"meta":{}},{"ancestorTitles":["Assignments Integration Tests","POST /api/assignments/submit"],"fullName":"Assignments Integration Tests POST /api/assignments/submit submits assignment when authenticated","status":"passed","title":"submits assignment when authenticated","duration":38.24250000000029,"failureMessages":[],"meta":{}},{"ancestorTitles":["Assignments Integration Tests","POST /api/assignments/submit"],"fullName":"Assignments Integration Tests POST /api/assignments/submit returns 401 without auth","status":"passed","title":"returns 401 without auth","duration":27.6903999999995,"failureMessages":[],"meta":{}},{"ancestorTitles":["Assignments Integration Tests","GET /api/assignments/submissions (shadowed by :id)"],"fullName":"Assignments Integration Tests GET /api/assignments/submissions (shadowed by :id) returns 404 because /:id route matches first","status":"passed","title":"returns 404 because /:id route matches first","duration":22.288500000000568,"failureMessages":[],"meta":{}}],"startTime":1782028452748,"endTime":1782028453181.2886,"status":"passed","message":"","name":"C:/Users/VISHAL/Desktop/20-12-2025/freelance/Prooject3/backend/tests/integration/assignments.test.ts"},{"assertionResults":[{"ancestorTitles":["Auth Integration Tests","POST /api/auth/register"],"fullName":"Auth Integration Tests POST /api/auth/register registers a new user with all fields","status":"passed","title":"registers a new user with all fields","duration":71.48869999999988,"failureMessages":[],"meta":{}},{"ancestorTitles":["Auth Integration Tests","POST /api/auth/register"],"fullName":"Auth Integration Tests POST /api/auth/register registers with minimal required fields","status":"passed","title":"registers with minimal required fields","duration":52.04989999999998,"failureMessages":[],"meta":{}},{"ancestorTitles":["Auth Integration Tests","POST /api/auth/register"],"fullName":"Auth Integration Tests POST /api/auth/register sets custom claims for role","status":"passed","title":"sets custom claims for role","duration":45.53790000000026,"failureMessages":[],"meta":{}},{"ancestorTitles":["Auth Integration Tests","POST /api/auth/login"],"fullName":"Auth Integration Tests POST /api/auth/login logs in with valid email","status":"passed","title":"logs in with valid email","duration":21.47609999999986,"failureMessages":[],"meta":{}},{"ancestorTitles":["Auth Integration Tests","POST /api/auth/login"],"fullName":"Auth Integration Tests POST /api/auth/login returns user data with name","status":"passed","title":"returns user data with name","duration":17.20640000000003,"failureMessages":[],"meta":{}},{"ancestorTitles":["Auth Integration Tests","POST /api/auth/google"],"fullName":"Auth Integration Tests POST /api/auth/google authenticates with Google ID token","status":"passed","title":"authenticates with Google ID token","duration":34.58979999999974,"failureMessages":[],"meta":{}},{"ancestorTitles":["Auth Integration Tests","POST /api/auth/google"],"fullName":"Auth Integration Tests POST /api/auth/google creates new user if not exists","status":"passed","title":"creates new user if not exists","duration":31.33060000000023,"failureMessages":[],"meta":{}},{"ancestorTitles":["Auth Integration Tests","POST /api/auth/logout"],"fullName":"Auth Integration Tests POST /api/auth/logout logs out successfully","status":"passed","title":"logs out successfully","duration":32.755700000000616,"failureMessages":[],"meta":{}},{"ancestorTitles":["Auth Integration Tests","POST /api/auth/forgot-password"],"fullName":"Auth Integration Tests POST /api/auth/forgot-password sends password reset email","status":"passed","title":"sends password reset email","duration":31.52980000000025,"failureMessages":[],"meta":{}},{"ancestorTitles":["Auth Integration Tests","POST /api/auth/reset-password"],"fullName":"Auth Integration Tests POST /api/auth/reset-password resets password with valid code","status":"passed","title":"resets password with valid code","duration":27.40810000000056,"failureMessages":[],"meta":{}},{"ancestorTitles":["Auth Integration Tests","POST /api/auth/send-otp"],"fullName":"Auth Integration Tests POST /api/auth/send-otp sends OTP to valid phone","status":"passed","title":"sends OTP to valid phone","duration":28.332899999999427,"failureMessages":[],"meta":{}},{"ancestorTitles":["Auth Integration Tests","POST /api/auth/verify-otp"],"fullName":"Auth Integration Tests POST /api/auth/verify-otp verifies correct OTP","status":"passed","title":"verifies correct OTP","duration":29.83480000000054,"failureMessages":[],"meta":{}},{"ancestorTitles":["Auth Integration Tests","POST /api/auth/verify-otp"],"fullName":"Auth Integration Tests POST /api/auth/verify-otp rejects incorrect OTP","status":"passed","title":"rejects incorrect OTP","duration":20.898400000000038,"failureMessages":[],"meta":{}},{"ancestorTitles":["Auth Integration Tests","GET /api/auth/me"],"fullName":"Auth Integration Tests GET /api/auth/me returns user profile when authenticated","status":"passed","title":"returns user profile when authenticated","duration":24.80489999999918,"failureMessages":[],"meta":{}},{"ancestorTitles":["Auth Integration Tests","GET /api/auth/me"],"fullName":"Auth Integration Tests GET /api/auth/me returns 401 when not authenticated","status":"passed","title":"returns 401 when not authenticated","duration":11.677300000001196,"failureMessages":[],"meta":{}},{"ancestorTitles":["Auth Integration Tests","GET /api/auth/me"],"fullName":"Auth Integration Tests GET /api/auth/me returns 404 when user not found","status":"passed","title":"returns 404 when user not found","duration":20.069800000001123,"failureMessages":[],"meta":{}},{"ancestorTitles":["Auth Integration Tests","PATCH /api/auth/profile"],"fullName":"Auth Integration Tests PATCH /api/auth/profile updates user profile when authenticated","status":"passed","title":"updates user profile when authenticated","duration":9.787999999998647,"failureMessages":[],"meta":{}},{"ancestorTitles":["Auth Integration Tests","PATCH /api/auth/profile"],"fullName":"Auth Integration Tests PATCH /api/auth/profile updates profile with optional fields","status":"passed","title":"updates profile with optional fields","duration":19.49960000000101,"failureMessages":[],"meta":{}},{"ancestorTitles":["Auth Integration Tests","PATCH /api/auth/profile"],"fullName":"Auth Integration Tests PATCH /api/auth/profile returns 401 without auth","status":"passed","title":"returns 401 without auth","duration":8.088299999999435,"failureMessages":[],"meta":{}}],"startTime":1782028455992,"endTime":1782028456536.0884,"status":"passed","message":"","name":"C:/Users/VISHAL/Desktop/20-12-2025/freelance/Prooject3/backend/tests/integration/auth.test.ts"},{"assertionResults":[{"ancestorTitles":["Career Analysis Integration Tests","POST /api/career-analysis/upload-resume"],"fullName":"Career Analysis Integration Tests POST /api/career-analysis/upload-resume uploads resume for analysis when authenticated","status":"passed","title":"uploads resume for analysis when authenticated","duration":27.96810000000005,"failureMessages":[],"meta":{}},{"ancestorTitles":["Career Analysis Integration Tests","POST /api/career-analysis/upload-resume"],"fullName":"Career Analysis Integration Tests POST /api/career-analysis/upload-resume returns 401 without auth","status":"passed","title":"returns 401 without auth","duration":30.522100000000137,"failureMessages":[],"meta":{}},{"ancestorTitles":["Career Analysis Integration Tests","POST /api/career-analysis/analyze"],"fullName":"Career Analysis Integration Tests POST /api/career-analysis/analyze analyzes career when authenticated","status":"passed","title":"analyzes career when authenticated","duration":51.73879999999917,"failureMessages":[],"meta":{}},{"ancestorTitles":["Career Analysis Integration Tests","POST /api/career-analysis/analyze"],"fullName":"Career Analysis Integration Tests POST /api/career-analysis/analyze analyzes with default role","status":"passed","title":"analyzes with default role","duration":17.426400000000285,"failureMessages":[],"meta":{}},{"ancestorTitles":["Career Analysis Integration Tests","POST /api/career-analysis/analyze"],"fullName":"Career Analysis Integration Tests POST /api/career-analysis/analyze returns 401 without auth","status":"passed","title":"returns 401 without auth","duration":14.985700000001088,"failureMessages":[],"meta":{}},{"ancestorTitles":["Career Analysis Integration Tests","GET /api/career-analysis/report/:id"],"fullName":"Career Analysis Integration Tests GET /api/career-analysis/report/:id returns career analysis report","status":"passed","title":"returns career analysis report","duration":18.38800000000083,"failureMessages":[],"meta":{}},{"ancestorTitles":["Career Analysis Integration Tests","GET /api/career-analysis/report/:id"],"fullName":"Career Analysis Integration Tests GET /api/career-analysis/report/:id returns 404 when report not found","status":"passed","title":"returns 404 when report not found","duration":18.647399999999834,"failureMessages":[],"meta":{}},{"ancestorTitles":["Career Analysis Integration Tests","GET /api/career-analysis/report/:id"],"fullName":"Career Analysis Integration Tests GET /api/career-analysis/report/:id returns 401 without auth","status":"passed","title":"returns 401 without auth","duration":14.68789999999899,"failureMessages":[],"meta":{}}],"startTime":1782028459269,"endTime":1782028459463.688,"status":"passed","message":"","name":"C:/Users/VISHAL/Desktop/20-12-2025/freelance/Prooject3/backend/tests/integration/career-analysis.test.ts"},{"assertionResults":[{"ancestorTitles":["Certificates Integration Tests","GET /api/certificates"],"fullName":"Certificates Integration Tests GET /api/certificates returns user certificates","status":"passed","title":"returns user certificates","duration":11.67870000000039,"failureMessages":[],"meta":{}},{"ancestorTitles":["Certificates Integration Tests","GET /api/certificates"],"fullName":"Certificates Integration Tests GET /api/certificates returns all certificates for admin","status":"passed","title":"returns all certificates for admin","duration":12.046599999999671,"failureMessages":[],"meta":{}},{"ancestorTitles":["Certificates Integration Tests","GET /api/certificates"],"fullName":"Certificates Integration Tests GET /api/certificates returns 401 without auth","status":"passed","title":"returns 401 without auth","duration":19.51759999999922,"failureMessages":[],"meta":{}},{"ancestorTitles":["Certificates Integration Tests","GET /api/certificates/:id"],"fullName":"Certificates Integration Tests GET /api/certificates/:id returns certificate by ID","status":"passed","title":"returns certificate by ID","duration":19.29570000000058,"failureMessages":[],"meta":{}},{"ancestorTitles":["Certificates Integration Tests","GET /api/certificates/:id"],"fullName":"Certificates Integration Tests GET /api/certificates/:id returns 404 when not found","status":"passed","title":"returns 404 when not found","duration":20.544200000000274,"failureMessages":[],"meta":{}},{"ancestorTitles":["Certificates Integration Tests","POST /api/certificates"],"fullName":"Certificates Integration Tests POST /api/certificates creates certificate as admin","status":"passed","title":"creates certificate as admin","duration":16.066800000000512,"failureMessages":[],"meta":{}},{"ancestorTitles":["Certificates Integration Tests","POST /api/certificates"],"fullName":"Certificates Integration Tests POST /api/certificates returns 403 for non-admin","status":"passed","title":"returns 403 for non-admin","duration":26.957300000000032,"failureMessages":[],"meta":{}},{"ancestorTitles":["Certificates Integration Tests","POST /api/certificates"],"fullName":"Certificates Integration Tests POST /api/certificates returns 401 without auth","status":"passed","title":"returns 401 without auth","duration":30.04410000000098,"failureMessages":[],"meta":{}},{"ancestorTitles":["Certificates Integration Tests","PATCH /api/certificates/:id"],"fullName":"Certificates Integration Tests PATCH /api/certificates/:id updates certificate as admin","status":"passed","title":"updates certificate as admin","duration":23.783000000001266,"failureMessages":[],"meta":{}},{"ancestorTitles":["Certificates Integration Tests","PATCH /api/certificates/:id"],"fullName":"Certificates Integration Tests PATCH /api/certificates/:id returns 403 for non-admin","status":"passed","title":"returns 403 for non-admin","duration":20.904899999999543,"failureMessages":[],"meta":{}},{"ancestorTitles":["Certificates Integration Tests","GET /api/certificates/download/:id"],"fullName":"Certificates Integration Tests GET /api/certificates/download/:id returns download URL for certificate","status":"passed","title":"returns download URL for certificate","duration":14.30789999999979,"failureMessages":[],"meta":{}},{"ancestorTitles":["Certificates Integration Tests","GET /api/certificates/download/:id"],"fullName":"Certificates Integration Tests GET /api/certificates/download/:id returns 404 when certificate not found","status":"passed","title":"returns 404 when certificate not found","duration":23.631900000000314,"failureMessages":[],"meta":{}}],"startTime":1782028458381,"endTime":1782028458620.6318,"status":"passed","message":"","name":"C:/Users/VISHAL/Desktop/20-12-2025/freelance/Prooject3/backend/tests/integration/certificates.test.ts"},{"assertionResults":[{"ancestorTitles":["Enrollments Integration Tests","GET /api/enrollments/my"],"fullName":"Enrollments Integration Tests GET /api/enrollments/my returns user enrollments","status":"passed","title":"returns user enrollments","duration":17.58060000000114,"failureMessages":[],"meta":{}},{"ancestorTitles":["Enrollments Integration Tests","GET /api/enrollments/my"],"fullName":"Enrollments Integration Tests GET /api/enrollments/my returns empty array when no enrollments","status":"passed","title":"returns empty array when no enrollments","duration":24.517700000000332,"failureMessages":[],"meta":{}},{"ancestorTitles":["Enrollments Integration Tests","GET /api/enrollments/my"],"fullName":"Enrollments Integration Tests GET /api/enrollments/my returns 401 without auth","status":"passed","title":"returns 401 without auth","duration":10.329200000000128,"failureMessages":[],"meta":{}},{"ancestorTitles":["Enrollments Integration Tests","GET /api/enrollments"],"fullName":"Enrollments Integration Tests GET /api/enrollments returns all enrollments for admin","status":"passed","title":"returns all enrollments for admin","duration":13.246500000001106,"failureMessages":[],"meta":{}},{"ancestorTitles":["Enrollments Integration Tests","GET /api/enrollments"],"fullName":"Enrollments Integration Tests GET /api/enrollments returns all enrollments for mentor","status":"passed","title":"returns all enrollments for mentor","duration":21.095400000000154,"failureMessages":[],"meta":{}},{"ancestorTitles":["Enrollments Integration Tests","GET /api/enrollments"],"fullName":"Enrollments Integration Tests GET /api/enrollments returns 403 for student","status":"passed","title":"returns 403 for student","duration":33.834100000000035,"failureMessages":[],"meta":{}},{"ancestorTitles":["Enrollments Integration Tests","GET /api/enrollments/:id"],"fullName":"Enrollments Integration Tests GET /api/enrollments/:id returns enrollment by ID for owner","status":"passed","title":"returns enrollment by ID for owner","duration":15.90979999999945,"failureMessages":[],"meta":{}},{"ancestorTitles":["Enrollments Integration Tests","GET /api/enrollments/:id"],"fullName":"Enrollments Integration Tests GET /api/enrollments/:id returns enrollment by ID for admin","status":"passed","title":"returns enrollment by ID for admin","duration":11.988399999998364,"failureMessages":[],"meta":{}},{"ancestorTitles":["Enrollments Integration Tests","GET /api/enrollments/:id"],"fullName":"Enrollments Integration Tests GET /api/enrollments/:id returns 403 when accessing other user enrollment","status":"passed","title":"returns 403 when accessing other user enrollment","duration":40.183899999999994,"failureMessages":[],"meta":{}},{"ancestorTitles":["Enrollments Integration Tests","GET /api/enrollments/:id"],"fullName":"Enrollments Integration Tests GET /api/enrollments/:id returns 404 when enrollment not found","status":"passed","title":"returns 404 when enrollment not found","duration":49.54289999999855,"failureMessages":[],"meta":{}},{"ancestorTitles":["Enrollments Integration Tests","POST /api/enrollments"],"fullName":"Enrollments Integration Tests POST /api/enrollments creates enrollment when authenticated","status":"passed","title":"creates enrollment when authenticated","duration":25.595500000001266,"failureMessages":[],"meta":{}},{"ancestorTitles":["Enrollments Integration Tests","POST /api/enrollments"],"fullName":"Enrollments Integration Tests POST /api/enrollments returns 401 without auth","status":"passed","title":"returns 401 without auth","duration":13.429599999999482,"failureMessages":[],"meta":{}},{"ancestorTitles":["Enrollments Integration Tests","PATCH /api/enrollments/:id"],"fullName":"Enrollments Integration Tests PATCH /api/enrollments/:id updates enrollment when authenticated","status":"passed","title":"updates enrollment when authenticated","duration":26.23739999999998,"failureMessages":[],"meta":{}},{"ancestorTitles":["Enrollments Integration Tests","PATCH /api/enrollments/:id"],"fullName":"Enrollments Integration Tests PATCH /api/enrollments/:id returns 401 without auth","status":"passed","title":"returns 401 without auth","duration":17.531300000000556,"failureMessages":[],"meta":{}},{"ancestorTitles":["Enrollments Integration Tests","DELETE /api/enrollments/:id"],"fullName":"Enrollments Integration Tests DELETE /api/enrollments/:id deletes enrollment as admin","status":"passed","title":"deletes enrollment as admin","duration":18.38630000000012,"failureMessages":[],"meta":{}},{"ancestorTitles":["Enrollments Integration Tests","DELETE /api/enrollments/:id"],"fullName":"Enrollments Integration Tests DELETE /api/enrollments/:id returns 403 for non-admin","status":"passed","title":"returns 403 for non-admin","duration":18.9382999999998,"failureMessages":[],"meta":{}}],"startTime":1782028457259,"endTime":1782028457619.9382,"status":"passed","message":"","name":"C:/Users/VISHAL/Desktop/20-12-2025/freelance/Prooject3/backend/tests/integration/enrollments.test.ts"},{"assertionResults":[{"ancestorTitles":["Interview Integration Tests","POST /api/interview/start"],"fullName":"Interview Integration Tests POST /api/interview/start starts interview session for AI Engineer","status":"passed","title":"starts interview session for AI Engineer","duration":35.053499999999985,"failureMessages":[],"meta":{}},{"ancestorTitles":["Interview Integration Tests","POST /api/interview/start"],"fullName":"Interview Integration Tests POST /api/interview/start starts interview session for Product Manager","status":"passed","title":"starts interview session for Product Manager","duration":14.485000000000582,"failureMessages":[],"meta":{}},{"ancestorTitles":["Interview Integration Tests","POST /api/interview/start"],"fullName":"Interview Integration Tests POST /api/interview/start starts interview session for Data Scientist","status":"passed","title":"starts interview session for Data Scientist","duration":13.816200000001118,"failureMessages":[],"meta":{}},{"ancestorTitles":["Interview Integration Tests","POST /api/interview/start"],"fullName":"Interview Integration Tests POST /api/interview/start defaults to AI Engineer question","status":"passed","title":"defaults to AI Engineer question","duration":17.43870000000061,"failureMessages":[],"meta":{}},{"ancestorTitles":["Interview Integration Tests","POST /api/interview/start"],"fullName":"Interview Integration Tests POST /api/interview/start returns 401 without auth","status":"passed","title":"returns 401 without auth","duration":11.198899999999412,"failureMessages":[],"meta":{}},{"ancestorTitles":["Interview Integration Tests","POST /api/interview/question"],"fullName":"Interview Integration Tests POST /api/interview/question returns question for specified role","status":"passed","title":"returns question for specified role","duration":38.303099999999176,"failureMessages":[],"meta":{}},{"ancestorTitles":["Interview Integration Tests","POST /api/interview/question"],"fullName":"Interview Integration Tests POST /api/interview/question returns alternative question based on index","status":"passed","title":"returns alternative question based on index","duration":30.001099999999497,"failureMessages":[],"meta":{}},{"ancestorTitles":["Interview Integration Tests","POST /api/interview/question"],"fullName":"Interview Integration Tests POST /api/interview/question returns 401 without auth","status":"passed","title":"returns 401 without auth","duration":21.036799999999857,"failureMessages":[],"meta":{}},{"ancestorTitles":["Interview Integration Tests","POST /api/interview/evaluate"],"fullName":"Interview Integration Tests POST /api/interview/evaluate evaluates answer and returns score","status":"passed","title":"evaluates answer and returns score","duration":25.753899999999703,"failureMessages":[],"meta":{}},{"ancestorTitles":["Interview Integration Tests","POST /api/interview/evaluate"],"fullName":"Interview Integration Tests POST /api/interview/evaluate handles brief answer","status":"passed","title":"handles brief answer","duration":24.008499999999913,"failureMessages":[],"meta":{}},{"ancestorTitles":["Interview Integration Tests","POST /api/interview/evaluate"],"fullName":"Interview Integration Tests POST /api/interview/evaluate handles empty answer","status":"passed","title":"handles empty answer","duration":14.113900000000285,"failureMessages":[],"meta":{}},{"ancestorTitles":["Interview Integration Tests","POST /api/interview/evaluate"],"fullName":"Interview Integration Tests POST /api/interview/evaluate returns 401 without auth","status":"passed","title":"returns 401 without auth","duration":18.913699999999153,"failureMessages":[],"meta":{}},{"ancestorTitles":["Interview Integration Tests","GET /api/interview/report/:id"],"fullName":"Interview Integration Tests GET /api/interview/report/:id returns interview report","status":"passed","title":"returns interview report","duration":10.450699999999415,"failureMessages":[],"meta":{}},{"ancestorTitles":["Interview Integration Tests","GET /api/interview/report/:id"],"fullName":"Interview Integration Tests GET /api/interview/report/:id returns 404 when report not found","status":"passed","title":"returns 404 when report not found","duration":9.355400000000373,"failureMessages":[],"meta":{}},{"ancestorTitles":["Interview Integration Tests","GET /api/interview/report/:id"],"fullName":"Interview Integration Tests GET /api/interview/report/:id returns 401 without auth","status":"passed","title":"returns 401 without auth","duration":18.81080000000111,"failureMessages":[],"meta":{}}],"startTime":1782028457832,"endTime":1782028458138.8108,"status":"passed","message":"","name":"C:/Users/VISHAL/Desktop/20-12-2025/freelance/Prooject3/backend/tests/integration/interview.test.ts"},{"assertionResults":[{"ancestorTitles":["Payments Integration Tests","POST /api/payments/create-order"],"fullName":"Payments Integration Tests POST /api/payments/create-order creates payment order when authenticated","status":"passed","title":"creates payment order when authenticated","duration":18.41020000000026,"failureMessages":[],"meta":{}},{"ancestorTitles":["Payments Integration Tests","POST /api/payments/create-order"],"fullName":"Payments Integration Tests POST /api/payments/create-order defaults currency to INR","status":"passed","title":"defaults currency to INR","duration":13.137800000000425,"failureMessages":[],"meta":{}},{"ancestorTitles":["Payments Integration Tests","POST /api/payments/create-order"],"fullName":"Payments Integration Tests POST /api/payments/create-order returns 401 without auth","status":"passed","title":"returns 401 without auth","duration":21.010800000000017,"failureMessages":[],"meta":{}},{"ancestorTitles":["Payments Integration Tests","POST /api/payments/verify"],"fullName":"Payments Integration Tests POST /api/payments/verify verifies payment when authenticated","status":"passed","title":"verifies payment when authenticated","duration":15.419700000000375,"failureMessages":[],"meta":{}},{"ancestorTitles":["Payments Integration Tests","POST /api/payments/verify"],"fullName":"Payments Integration Tests POST /api/payments/verify returns 401 without auth","status":"passed","title":"returns 401 without auth","duration":16.429599999999482,"failureMessages":[],"meta":{}},{"ancestorTitles":["Payments Integration Tests","GET /api/payments/history"],"fullName":"Payments Integration Tests GET /api/payments/history returns payment history for user","status":"passed","title":"returns payment history for user","duration":14.450000000000728,"failureMessages":[],"meta":{}},{"ancestorTitles":["Payments Integration Tests","GET /api/payments/history"],"fullName":"Payments Integration Tests GET /api/payments/history returns empty array when no payments","status":"passed","title":"returns empty array when no payments","duration":18.125,"failureMessages":[],"meta":{}},{"ancestorTitles":["Payments Integration Tests","GET /api/payments/history"],"fullName":"Payments Integration Tests GET /api/payments/history returns 401 without auth","status":"passed","title":"returns 401 without auth","duration":19.62039999999979,"failureMessages":[],"meta":{}},{"ancestorTitles":["Payments Integration Tests","GET /api/payments/invoices"],"fullName":"Payments Integration Tests GET /api/payments/invoices returns completed payments as invoices","status":"passed","title":"returns completed payments as invoices","duration":34.84640000000036,"failureMessages":[],"meta":{}},{"ancestorTitles":["Payments Integration Tests","GET /api/payments/invoices"],"fullName":"Payments Integration Tests GET /api/payments/invoices returns 401 without auth","status":"passed","title":"returns 401 without auth","duration":29.33860000000095,"failureMessages":[],"meta":{}}],"startTime":1782028458870,"endTime":1782028459075.3386,"status":"passed","message":"","name":"C:/Users/VISHAL/Desktop/20-12-2025/freelance/Prooject3/backend/tests/integration/payments.test.ts"},{"assertionResults":[{"ancestorTitles":["Placements Integration Tests","GET /api/jobs"],"fullName":"Placements Integration Tests GET /api/jobs returns all jobs (public)","status":"passed","title":"returns all jobs (public)","duration":12.78060000000005,"failureMessages":[],"meta":{}},{"ancestorTitles":["Placements Integration Tests","GET /api/jobs"],"fullName":"Placements Integration Tests GET /api/jobs filters jobs by type","status":"passed","title":"filters jobs by type","duration":9.251500000000306,"failureMessages":[],"meta":{}},{"ancestorTitles":["Placements Integration Tests","GET /api/jobs"],"fullName":"Placements Integration Tests GET /api/jobs filters jobs by location","status":"passed","title":"filters jobs by location","duration":11.572400000000016,"failureMessages":[],"meta":{}},{"ancestorTitles":["Placements Integration Tests","GET /api/jobs"],"fullName":"Placements Integration Tests GET /api/jobs searches jobs by title","status":"passed","title":"searches jobs by title","duration":9.36619999999948,"failureMessages":[],"meta":{}},{"ancestorTitles":["Placements Integration Tests","GET /api/jobs/:id"],"fullName":"Placements Integration Tests GET /api/jobs/:id returns job by ID","status":"passed","title":"returns job by ID","duration":8.895400000000336,"failureMessages":[],"meta":{}},{"ancestorTitles":["Placements Integration Tests","GET /api/jobs/:id"],"fullName":"Placements Integration Tests GET /api/jobs/:id returns 404 when not found","status":"passed","title":"returns 404 when not found","duration":11.801100000000588,"failureMessages":[],"meta":{}},{"ancestorTitles":["Placements Integration Tests","POST /api/jobs"],"fullName":"Placements Integration Tests POST /api/jobs creates job as admin","status":"passed","title":"creates job as admin","duration":12.352799999999661,"failureMessages":[],"meta":{}},{"ancestorTitles":["Placements Integration Tests","POST /api/jobs"],"fullName":"Placements Integration Tests POST /api/jobs creates job as recruiter","status":"passed","title":"creates job as recruiter","duration":12.106899999999769,"failureMessages":[],"meta":{}},{"ancestorTitles":["Placements Integration Tests","POST /api/jobs"],"fullName":"Placements Integration Tests POST /api/jobs returns 403 for student","status":"passed","title":"returns 403 for student","duration":11.55199999999968,"failureMessages":[],"meta":{}},{"ancestorTitles":["Placements Integration Tests","POST /api/jobs/apply"],"fullName":"Placements Integration Tests POST /api/jobs/apply applies for job when authenticated","status":"passed","title":"applies for job when authenticated","duration":12.113800000000083,"failureMessages":[],"meta":{}},{"ancestorTitles":["Placements Integration Tests","POST /api/jobs/apply"],"fullName":"Placements Integration Tests POST /api/jobs/apply returns 401 without auth","status":"passed","title":"returns 401 without auth","duration":15.108799999999974,"failureMessages":[],"meta":{}},{"ancestorTitles":["Placements Integration Tests","GET /api/jobs/applications (shadowed by :id)"],"fullName":"Placements Integration Tests GET /api/jobs/applications (shadowed by :id) returns 404 because /:id route matches first","status":"passed","title":"returns 404 because /:id route matches first","duration":9.667599999999766,"failureMessages":[],"meta":{}},{"ancestorTitles":["Placements Integration Tests","PATCH /api/jobs/applications/:id"],"fullName":"Placements Integration Tests PATCH /api/jobs/applications/:id updates application status as admin","status":"passed","title":"updates application status as admin","duration":8.63209999999981,"failureMessages":[],"meta":{}},{"ancestorTitles":["Placements Integration Tests","PATCH /api/jobs/applications/:id"],"fullName":"Placements Integration Tests PATCH /api/jobs/applications/:id updates application status as recruiter","status":"passed","title":"updates application status as recruiter","duration":12.549399999999878,"failureMessages":[],"meta":{}},{"ancestorTitles":["Placements Integration Tests","PATCH /api/jobs/applications/:id"],"fullName":"Placements Integration Tests PATCH /api/jobs/applications/:id returns 403 for student","status":"passed","title":"returns 403 for student","duration":9.930499999999483,"failureMessages":[],"meta":{}},{"ancestorTitles":["Placements Integration Tests","GET /api/jobs/placement-stats (shadowed by :id)"],"fullName":"Placements Integration Tests GET /api/jobs/placement-stats (shadowed by :id) returns 404 because /:id route matches first","status":"passed","title":"returns 404 because /:id route matches first","duration":8.069999999999709,"failureMessages":[],"meta":{}}],"startTime":1782028452410,"endTime":1782028452587.07,"status":"passed","message":"","name":"C:/Users/VISHAL/Desktop/20-12-2025/freelance/Prooject3/backend/tests/integration/placements.test.ts"},{"assertionResults":[{"ancestorTitles":["Programs Integration Tests","GET /api/programs"],"fullName":"Programs Integration Tests GET /api/programs returns all programs (public)","status":"passed","title":"returns all programs (public)","duration":35.52880000000005,"failureMessages":[],"meta":{}},{"ancestorTitles":["Programs Integration Tests","GET /api/programs"],"fullName":"Programs Integration Tests GET /api/programs filters programs by category","status":"passed","title":"filters programs by category","duration":13.818100000000413,"failureMessages":[],"meta":{}},{"ancestorTitles":["Programs Integration Tests","GET /api/programs"],"fullName":"Programs Integration Tests GET /api/programs filters programs by level","status":"passed","title":"filters programs by level","duration":21.414999999999964,"failureMessages":[],"meta":{}},{"ancestorTitles":["Programs Integration Tests","GET /api/programs"],"fullName":"Programs Integration Tests GET /api/programs searches programs by title","status":"passed","title":"searches programs by title","duration":35.39090000000033,"failureMessages":[],"meta":{}},{"ancestorTitles":["Programs Integration Tests","GET /api/programs/search"],"fullName":"Programs Integration Tests GET /api/programs/search searches programs by query","status":"passed","title":"searches programs by query","duration":26.5016999999998,"failureMessages":[],"meta":{}},{"ancestorTitles":["Programs Integration Tests","GET /api/programs/search"],"fullName":"Programs Integration Tests GET /api/programs/search searches by skills","status":"passed","title":"searches by skills","duration":21.459499999999935,"failureMessages":[],"meta":{}},{"ancestorTitles":["Programs Integration Tests","GET /api/programs/search"],"fullName":"Programs Integration Tests GET /api/programs/search returns empty array when no query","status":"passed","title":"returns empty array when no query","duration":47.84199999999964,"failureMessages":[],"meta":{}},{"ancestorTitles":["Programs Integration Tests","GET /api/programs/categories"],"fullName":"Programs Integration Tests GET /api/programs/categories returns unique categories","status":"passed","title":"returns unique categories","duration":31.243099999999686,"failureMessages":[],"meta":{}},{"ancestorTitles":["Programs Integration Tests","GET /api/programs/:slug"],"fullName":"Programs Integration Tests GET /api/programs/:slug returns program by slug","status":"passed","title":"returns program by slug","duration":20.479700000000776,"failureMessages":[],"meta":{}},{"ancestorTitles":["Programs Integration Tests","GET /api/programs/:slug"],"fullName":"Programs Integration Tests GET /api/programs/:slug returns 404 for non-existent slug","status":"passed","title":"returns 404 for non-existent slug","duration":23.59150000000045,"failureMessages":[],"meta":{}},{"ancestorTitles":["Programs Integration Tests","POST /api/programs"],"fullName":"Programs Integration Tests POST /api/programs creates program as admin","status":"passed","title":"creates program as admin","duration":32.40859999999975,"failureMessages":[],"meta":{}},{"ancestorTitles":["Programs Integration Tests","POST /api/programs"],"fullName":"Programs Integration Tests POST /api/programs returns 403 for non-admin","status":"passed","title":"returns 403 for non-admin","duration":44.90090000000055,"failureMessages":[],"meta":{}},{"ancestorTitles":["Programs Integration Tests","POST /api/programs"],"fullName":"Programs Integration Tests POST /api/programs returns 401 without auth","status":"passed","title":"returns 401 without auth","duration":26.933899999999994,"failureMessages":[],"meta":{}},{"ancestorTitles":["Programs Integration Tests","PATCH /api/programs/:id"],"fullName":"Programs Integration Tests PATCH /api/programs/:id updates program as admin","status":"passed","title":"updates program as admin","duration":19.657600000000457,"failureMessages":[],"meta":{}},{"ancestorTitles":["Programs Integration Tests","PATCH /api/programs/:id"],"fullName":"Programs Integration Tests PATCH /api/programs/:id returns 403 for non-admin","status":"passed","title":"returns 403 for non-admin","duration":28.9342000000006,"failureMessages":[],"meta":{}},{"ancestorTitles":["Programs Integration Tests","DELETE /api/programs/:id"],"fullName":"Programs Integration Tests DELETE /api/programs/:id deletes program as admin","status":"passed","title":"deletes program as admin","duration":47.94750000000022,"failureMessages":[],"meta":{}},{"ancestorTitles":["Programs Integration Tests","DELETE /api/programs/:id"],"fullName":"Programs Integration Tests DELETE /api/programs/:id returns 403 for non-admin","status":"passed","title":"returns 403 for non-admin","duration":24.9345000000003,"failureMessages":[],"meta":{}}],"startTime":1782028455167,"endTime":1782028455675.9346,"status":"passed","message":"","name":"C:/Users/VISHAL/Desktop/20-12-2025/freelance/Prooject3/backend/tests/integration/programs.test.ts"},{"assertionResults":[{"ancestorTitles":["Projects Integration Tests","GET /api/projects"],"fullName":"Projects Integration Tests GET /api/projects returns user projects","status":"passed","title":"returns user projects","duration":22.915199999999913,"failureMessages":[],"meta":{}},{"ancestorTitles":["Projects Integration Tests","GET /api/projects"],"fullName":"Projects Integration Tests GET /api/projects returns all projects for admin","status":"passed","title":"returns all projects for admin","duration":42.085399999999936,"failureMessages":[],"meta":{}},{"ancestorTitles":["Projects Integration Tests","GET /api/projects"],"fullName":"Projects Integration Tests GET /api/projects returns 401 without auth","status":"passed","title":"returns 401 without auth","duration":10.572799999999916,"failureMessages":[],"meta":{}},{"ancestorTitles":["Projects Integration Tests","GET /api/projects/:id"],"fullName":"Projects Integration Tests GET /api/projects/:id returns project by ID","status":"passed","title":"returns project by ID","duration":10.743099999999686,"failureMessages":[],"meta":{}},{"ancestorTitles":["Projects Integration Tests","GET /api/projects/:id"],"fullName":"Projects Integration Tests GET /api/projects/:id returns 404 when not found","status":"passed","title":"returns 404 when not found","duration":11.99120000000039,"failureMessages":[],"meta":{}},{"ancestorTitles":["Projects Integration Tests","POST /api/projects"],"fullName":"Projects Integration Tests POST /api/projects creates project when authenticated","status":"passed","title":"creates project when authenticated","duration":13.236100000000079,"failureMessages":[],"meta":{}},{"ancestorTitles":["Projects Integration Tests","POST /api/projects"],"fullName":"Projects Integration Tests POST /api/projects returns 401 without auth","status":"passed","title":"returns 401 without auth","duration":8.775700000000143,"failureMessages":[],"meta":{}},{"ancestorTitles":["Projects Integration Tests","PATCH /api/projects/:id"],"fullName":"Projects Integration Tests PATCH /api/projects/:id updates project when authenticated","status":"passed","title":"updates project when authenticated","duration":9.714899999999943,"failureMessages":[],"meta":{}},{"ancestorTitles":["Projects Integration Tests","PATCH /api/projects/:id"],"fullName":"Projects Integration Tests PATCH /api/projects/:id returns 401 without auth","status":"passed","title":"returns 401 without auth","duration":12.395899999999983,"failureMessages":[],"meta":{}},{"ancestorTitles":["Projects Integration Tests","POST /api/projects/submit"],"fullName":"Projects Integration Tests POST /api/projects/submit submits project when authenticated","status":"passed","title":"submits project when authenticated","duration":17.728099999999813,"failureMessages":[],"meta":{}},{"ancestorTitles":["Projects Integration Tests","POST /api/projects/submit"],"fullName":"Projects Integration Tests POST /api/projects/submit returns 401 without auth","status":"passed","title":"returns 401 without auth","duration":15.04910000000018,"failureMessages":[],"meta":{}},{"ancestorTitles":["Projects Integration Tests","GET /api/projects/review (shadowed by :id)"],"fullName":"Projects Integration Tests GET /api/projects/review (shadowed by :id) returns 404 because /:id route matches first","status":"passed","title":"returns 404 because /:id route matches first","duration":9.813199999999597,"failureMessages":[],"meta":{}}],"startTime":1782028452082,"endTime":1782028452267.8132,"status":"passed","message":"","name":"C:/Users/VISHAL/Desktop/20-12-2025/freelance/Prooject3/backend/tests/integration/projects.test.ts"},{"assertionResults":[{"ancestorTitles":["Resume Integration Tests","GET /api/resume/upload-resume"],"fullName":"Resume Integration Tests GET /api/resume/upload-resume returns upload instructions","status":"passed","title":"returns upload instructions","duration":22.625600000001214,"failureMessages":[],"meta":{}},{"ancestorTitles":["Resume Integration Tests","GET /api/resume/upload-resume"],"fullName":"Resume Integration Tests GET /api/resume/upload-resume returns 401 without auth","status":"passed","title":"returns 401 without auth","duration":29.06760000000031,"failureMessages":[],"meta":{}},{"ancestorTitles":["Resume Integration Tests","POST /api/resume/upload-resume"],"fullName":"Resume Integration Tests POST /api/resume/upload-resume uploads resume when authenticated","status":"passed","title":"uploads resume when authenticated","duration":35.6255000000001,"failureMessages":[],"meta":{}},{"ancestorTitles":["Resume Integration Tests","POST /api/resume/upload-resume"],"fullName":"Resume Integration Tests POST /api/resume/upload-resume returns 401 without auth","status":"passed","title":"returns 401 without auth","duration":36.718300000000454,"failureMessages":[],"meta":{}},{"ancestorTitles":["Resume Integration Tests","POST /api/resume/analyze"],"fullName":"Resume Integration Tests POST /api/resume/analyze analyzes resume when authenticated","status":"passed","title":"analyzes resume when authenticated","duration":34.497699999999895,"failureMessages":[],"meta":{}},{"ancestorTitles":["Resume Integration Tests","POST /api/resume/analyze"],"fullName":"Resume Integration Tests POST /api/resume/analyze analyzes with default role","status":"passed","title":"analyzes with default role","duration":33.26839999999902,"failureMessages":[],"meta":{}},{"ancestorTitles":["Resume Integration Tests","POST /api/resume/analyze"],"fullName":"Resume Integration Tests POST /api/resume/analyze returns 401 without auth","status":"passed","title":"returns 401 without auth","duration":24.187700000000405,"failureMessages":[],"meta":{}},{"ancestorTitles":["Resume Integration Tests","GET /api/resume/report/:id"],"fullName":"Resume Integration Tests GET /api/resume/report/:id returns resume analysis report","status":"passed","title":"returns resume analysis report","duration":23.956200000000536,"failureMessages":[],"meta":{}},{"ancestorTitles":["Resume Integration Tests","GET /api/resume/report/:id"],"fullName":"Resume Integration Tests GET /api/resume/report/:id returns 404 when report not found","status":"passed","title":"returns 404 when report not found","duration":33.46689999999944,"failureMessages":[],"meta":{}},{"ancestorTitles":["Resume Integration Tests","GET /api/resume/report/:id"],"fullName":"Resume Integration Tests GET /api/resume/report/:id returns 401 without auth","status":"passed","title":"returns 401 without auth","duration":27.887800000000425,"failureMessages":[],"meta":{}}],"startTime":1782028456747,"endTime":1782028457051.8877,"status":"passed","message":"","name":"C:/Users/VISHAL/Desktop/20-12-2025/freelance/Prooject3/backend/tests/integration/resume.test.ts"},{"assertionResults":[{"ancestorTitles":["Users Integration Tests","GET /api/users"],"fullName":"Users Integration Tests GET /api/users returns all users for admin","status":"passed","title":"returns all users for admin","duration":123.36059999999998,"failureMessages":[],"meta":{}},{"ancestorTitles":["Users Integration Tests","GET /api/users"],"fullName":"Users Integration Tests GET /api/users filters users by role","status":"passed","title":"filters users by role","duration":52.778299999999945,"failureMessages":[],"meta":{}},{"ancestorTitles":["Users Integration Tests","GET /api/users"],"fullName":"Users Integration Tests GET /api/users returns 401 without auth","status":"passed","title":"returns 401 without auth","duration":35.81739999999991,"failureMessages":[],"meta":{}},{"ancestorTitles":["Users Integration Tests","GET /api/users"],"fullName":"Users Integration Tests GET /api/users returns 403 for non-admin","status":"passed","title":"returns 403 for non-admin","duration":29.86429999999973,"failureMessages":[],"meta":{}},{"ancestorTitles":["Users Integration Tests","GET /api/users/:id"],"fullName":"Users Integration Tests GET /api/users/:id returns user by ID for admin","status":"passed","title":"returns user by ID for admin","duration":26.07439999999997,"failureMessages":[],"meta":{}},{"ancestorTitles":["Users Integration Tests","GET /api/users/:id"],"fullName":"Users Integration Tests GET /api/users/:id returns user by ID for self","status":"passed","title":"returns user by ID for self","duration":22.698700000000372,"failureMessages":[],"meta":{}},{"ancestorTitles":["Users Integration Tests","GET /api/users/:id"],"fullName":"Users Integration Tests GET /api/users/:id returns 403 when accessing other user profile","status":"passed","title":"returns 403 when accessing other user profile","duration":15.661599999999908,"failureMessages":[],"meta":{}},{"ancestorTitles":["Users Integration Tests","GET /api/users/:id"],"fullName":"Users Integration Tests GET /api/users/:id returns 404 when user not found","status":"passed","title":"returns 404 when user not found","duration":16.177400000000034,"failureMessages":[],"meta":{}},{"ancestorTitles":["Users Integration Tests","PATCH /api/users/:id"],"fullName":"Users Integration Tests PATCH /api/users/:id updates user as admin","status":"passed","title":"updates user as admin","duration":317.9713999999999,"failureMessages":[],"meta":{}},{"ancestorTitles":["Users Integration Tests","PATCH /api/users/:id"],"fullName":"Users Integration Tests PATCH /api/users/:id returns 403 for non-admin","status":"passed","title":"returns 403 for non-admin","duration":74.10500000000002,"failureMessages":[],"meta":{}},{"ancestorTitles":["Users Integration Tests","DELETE /api/users/:id"],"fullName":"Users Integration Tests DELETE /api/users/:id deletes user as admin","status":"passed","title":"deletes user as admin","duration":27.971399999999903,"failureMessages":[],"meta":{}},{"ancestorTitles":["Users Integration Tests","DELETE /api/users/:id"],"fullName":"Users Integration Tests DELETE /api/users/:id returns 403 for non-admin","status":"passed","title":"returns 403 for non-admin","duration":22.48869999999988,"failureMessages":[],"meta":{}},{"ancestorTitles":["Users Integration Tests","GET /api/users/student (shadowed by :id)"],"fullName":"Users Integration Tests GET /api/users/student (shadowed by :id) returns 404 because /:id route matches first","status":"passed","title":"returns 404 because /:id route matches first","duration":11.113200000000234,"failureMessages":[],"meta":{}},{"ancestorTitles":["Users Integration Tests","GET /api/users/mentor (shadowed by :id)"],"fullName":"Users Integration Tests GET /api/users/mentor (shadowed by :id) returns 404 because /:id route matches first","status":"passed","title":"returns 404 because /:id route matches first","duration":14.576199999999972,"failureMessages":[],"meta":{}},{"ancestorTitles":["Users Integration Tests","GET /api/users/recruiter (shadowed by :id)"],"fullName":"Users Integration Tests GET /api/users/recruiter (shadowed by :id) returns 404 because /:id route matches first","status":"passed","title":"returns 404 because /:id route matches first","duration":11.97380000000021,"failureMessages":[],"meta":{}}],"startTime":1782028451089,"endTime":1782028451898.9739,"status":"passed","message":"","name":"C:/Users/VISHAL/Desktop/20-12-2025/freelance/Prooject3/backend/tests/integration/users.test.ts"}]}